<?xml version="1.0" encoding="UTF-8"?>
<testng-results skipped="0" failed="0" total="1" passed="1">
  <reporter-output>
  </reporter-output>
  <suite name="Default suite" duration-ms="7274" started-at="2016-12-16T04:27:10Z" finished-at="2016-12-16T04:27:17Z">
    <groups>
    </groups>
    <test name="Default test" duration-ms="7274" started-at="2016-12-16T04:27:10Z" finished-at="2016-12-16T04:27:17Z">
      <class name="Register.RegisterTest">
        <test-method status="PASS" signature="NameValidation()[pri:0, instance:Register.RegisterTest@61832929]" name="NameValidation" duration-ms="7257" started-at="2016-12-16T11:27:10Z" finished-at="2016-12-16T11:27:17Z">
          <reporter-output>
          </reporter-output>
        </test-method> <!-- NameValidation -->
      </class> <!-- Register.RegisterTest -->
    </test> <!-- Default test -->
  </suite> <!-- Default suite -->
</testng-results>
